<?xml version="1.0" encoding="UTF-8"?>
<!-- Generated by org.testng.reporters.JUnitReportReporter -->
<testsuite skipped="1" hostname="DESKTOP-H84OQQP" name="com.syntax.testcases.AddEmployeePageTest" tests="1" failures="0" timestamp="18 Jun 2019 19:35:13 GMT" time="0.000" errors="0">
  <testcase name="addEmployee" time="0.000" classname="com.syntax.testcases.AddEmployeePageTest">
    <skipped/>
  </testcase> <!-- addEmployee -->
</testsuite> <!-- com.syntax.testcases.AddEmployeePageTest -->
