<?xml version="1.0" encoding="UTF-8"?>
<!-- Generated by org.testng.reporters.JUnitReportReporter -->
<testsuite skipped="0" hostname="DESKTOP-H84OQQP" name="com.syntax.testcases.LoginPageTest" tests="2" failures="0" timestamp="18 Jun 2019 19:49:30 GMT" time="21.518" errors="0">
  <testcase name="doLogin" time="10.822" classname="com.syntax.testcases.LoginPageTest"/>
  <testcase name="loginToOrangeHRM" time="10.696" classname="com.syntax.testcases.LoginPageTest"/>
</testsuite> <!-- com.syntax.testcases.LoginPageTest -->
